[2022-02-21 19:12:56,498] -- [ERROR][191]--[Test.tests_AdminPage.conftest->tests_AdminPage]:
User isn't on main page or don't logout
[2022-02-21 19:14:15,337] -- [ERROR][192]--[Test.tests_AdminPage.conftest->tests_AdminPage]: 
User isn't on main page or don't logout
[2022-02-21 19:14:39,379] -- [ERROR][192]--[Test.tests_AdminPage.conftest->tests_AdminPage]: 
User isn't on main page or don't logout
[2022-02-23 00:29:23,896] -- [ERROR][31]--[Test.tests_for_API.conftest->tests_for_API]: 
Pet hasn't been found by ID, status code -> 404
[2022-02-23 00:31:55,622] -- [ERROR][31]--[Test.tests_for_API.conftest->tests_for_API]: 
Pet hasn't been found by ID, status code -> 404
[2022-02-23 00:39:03,468] -- [ERROR][31]--[Test.tests_for_API.conftest->tests_for_API]: 
Pet hasn't been found by ID, status code -> 404
[2022-02-23 02:10:25,505] -- [ERROR][22]--[Test.tests_AdminPage.conftest->tests_AdminPage]: 
User isn't on the admin login page
[2022-02-23 02:38:27,937] -- [ERROR][31]--[Test.tests_for_API.conftest->tests_for_API]: 
Pet hasn't been found by ID, status code -> 404
[2022-02-23 02:46:01,093] -- [ERROR][31]--[Test.tests_for_API.conftest->tests_for_API]: 
Pet hasn't been found by ID, status code -> 404
[2022-02-23 21:32:22,742] -- [ERROR][31]--[Test.tests_for_API.conftest->tests_for_API]: 
Pet hasn't been found by ID, status code -> 404
[2022-02-24 00:12:46,995] -- [ERROR][31]--[Test.tests_for_API.conftest->tests_for_API]: 
Pet hasn't been found by ID, status code -> 404
